2017-09-01 12:55:33,100 [Worker-4] INFO  c.g.t.t.d.PublishedGradleVersions - Gradle version information cache is up-to-date. Trying to read.
2017-09-01 13:05:52,562 [Worker-6] INFO  c.g.t.t.d.PublishedGradleVersions - Gradle version information cache is up-to-date. Trying to read.
2017-09-01 13:07:41,264 [Worker-11] INFO  o.e.m.c.i.l.LifecycleMappingFactory - Using org.eclipse.m2e.jdt.JarLifecycleMapping lifecycle mapping for MavenProject: haagahelia.course:hellothymeleaf:0.0.1-SNAPSHOT @ /Users/User/Documents/eclipse-workspace/hellothymeleaf/pom.xml.
2017-09-01 13:07:41,570 [Worker-11] INFO  o.e.m.c.i.e.AbstractTransferListenerAdapter - Downloading https://repo.maven.apache.org/maven2/org/springframework/boot/spring-boot-starter-thymeleaf/1.5.6.RELEASE/spring-boot-starter-thymeleaf-1.5.6.RELEASE.pom
2017-09-01 13:07:41,589 [Worker-11] INFO  o.e.m.c.i.e.AbstractTransferListenerAdapter - Downloaded https://repo.maven.apache.org/maven2/org/springframework/boot/spring-boot-starter-thymeleaf/1.5.6.RELEASE/spring-boot-starter-thymeleaf-1.5.6.RELEASE.pom
2017-09-01 13:07:41,827 [Worker-11] INFO  o.e.m.c.i.e.AbstractTransferListenerAdapter - Downloading https://repo.maven.apache.org/maven2/org/thymeleaf/thymeleaf-spring4/2.1.5.RELEASE/thymeleaf-spring4-2.1.5.RELEASE.pom
2017-09-01 13:07:41,850 [Worker-11] INFO  o.e.m.c.i.e.AbstractTransferListenerAdapter - Downloaded https://repo.maven.apache.org/maven2/org/thymeleaf/thymeleaf-spring4/2.1.5.RELEASE/thymeleaf-spring4-2.1.5.RELEASE.pom
2017-09-01 13:07:41,866 [Worker-11] INFO  o.e.m.c.i.e.AbstractTransferListenerAdapter - Downloading https://repo.maven.apache.org/maven2/org/thymeleaf/thymeleaf/2.1.5.RELEASE/thymeleaf-2.1.5.RELEASE.pom
2017-09-01 13:07:41,884 [Worker-11] INFO  o.e.m.c.i.e.AbstractTransferListenerAdapter - Downloaded https://repo.maven.apache.org/maven2/org/thymeleaf/thymeleaf/2.1.5.RELEASE/thymeleaf-2.1.5.RELEASE.pom
2017-09-01 13:07:41,912 [Worker-11] INFO  o.e.m.c.i.e.AbstractTransferListenerAdapter - Downloading https://repo.maven.apache.org/maven2/ognl/ognl/3.0.8/ognl-3.0.8.pom
2017-09-01 13:07:41,927 [Worker-11] INFO  o.e.m.c.i.e.AbstractTransferListenerAdapter - Downloaded https://repo.maven.apache.org/maven2/ognl/ognl/3.0.8/ognl-3.0.8.pom
2017-09-01 13:07:41,955 [Worker-11] INFO  o.e.m.c.i.e.AbstractTransferListenerAdapter - Downloading https://repo.maven.apache.org/maven2/org/javassist/javassist/3.21.0-GA/javassist-3.21.0-GA.pom
2017-09-01 13:07:41,970 [Worker-11] INFO  o.e.m.c.i.e.AbstractTransferListenerAdapter - Downloaded https://repo.maven.apache.org/maven2/org/javassist/javassist/3.21.0-GA/javassist-3.21.0-GA.pom
2017-09-01 13:07:41,983 [Worker-11] INFO  o.e.m.c.i.e.AbstractTransferListenerAdapter - Downloading https://repo.maven.apache.org/maven2/org/unbescape/unbescape/1.1.0.RELEASE/unbescape-1.1.0.RELEASE.pom
2017-09-01 13:07:42,000 [Worker-11] INFO  o.e.m.c.i.e.AbstractTransferListenerAdapter - Downloaded https://repo.maven.apache.org/maven2/org/unbescape/unbescape/1.1.0.RELEASE/unbescape-1.1.0.RELEASE.pom
2017-09-01 13:07:42,018 [Worker-11] INFO  o.e.m.c.i.e.AbstractTransferListenerAdapter - Downloading https://repo.maven.apache.org/maven2/nz/net/ultraq/thymeleaf/thymeleaf-layout-dialect/1.4.0/thymeleaf-layout-dialect-1.4.0.pom
2017-09-01 13:07:42,033 [Worker-11] INFO  o.e.m.c.i.e.AbstractTransferListenerAdapter - Downloaded https://repo.maven.apache.org/maven2/nz/net/ultraq/thymeleaf/thymeleaf-layout-dialect/1.4.0/thymeleaf-layout-dialect-1.4.0.pom
2017-09-01 13:07:42,048 [Worker-11] INFO  o.e.m.c.i.e.AbstractTransferListenerAdapter - Downloading https://repo.maven.apache.org/maven2/org/codehaus/groovy/groovy/2.4.12/groovy-2.4.12.pom
2017-09-01 13:07:42,064 [Worker-11] INFO  o.e.m.c.i.e.AbstractTransferListenerAdapter - Downloaded https://repo.maven.apache.org/maven2/org/codehaus/groovy/groovy/2.4.12/groovy-2.4.12.pom
2017-09-01 13:07:42,199 [Worker-11] INFO  o.e.m.c.i.e.AbstractTransferListenerAdapter - Downloading https://repo.maven.apache.org/maven2/org/springframework/boot/spring-boot-starter-thymeleaf/1.5.6.RELEASE/spring-boot-starter-thymeleaf-1.5.6.RELEASE.jar
2017-09-01 13:07:42,212 [Worker-11] INFO  o.e.m.c.i.e.AbstractTransferListenerAdapter - Downloaded https://repo.maven.apache.org/maven2/org/springframework/boot/spring-boot-starter-thymeleaf/1.5.6.RELEASE/spring-boot-starter-thymeleaf-1.5.6.RELEASE.jar
2017-09-01 13:07:42,224 [Worker-11] INFO  o.e.m.c.i.e.AbstractTransferListenerAdapter - Downloading https://repo.maven.apache.org/maven2/org/thymeleaf/thymeleaf-spring4/2.1.5.RELEASE/thymeleaf-spring4-2.1.5.RELEASE.jar
2017-09-01 13:07:42,292 [Worker-11] INFO  o.e.m.c.i.e.AbstractTransferListenerAdapter - Downloaded https://repo.maven.apache.org/maven2/org/thymeleaf/thymeleaf-spring4/2.1.5.RELEASE/thymeleaf-spring4-2.1.5.RELEASE.jar
2017-09-01 13:07:42,307 [Worker-11] INFO  o.e.m.c.i.e.AbstractTransferListenerAdapter - Downloading https://repo.maven.apache.org/maven2/org/thymeleaf/thymeleaf/2.1.5.RELEASE/thymeleaf-2.1.5.RELEASE.jar
2017-09-01 13:07:42,486 [Worker-11] INFO  o.e.m.c.i.e.AbstractTransferListenerAdapter - Downloaded https://repo.maven.apache.org/maven2/org/thymeleaf/thymeleaf/2.1.5.RELEASE/thymeleaf-2.1.5.RELEASE.jar
2017-09-01 13:07:42,504 [Worker-11] INFO  o.e.m.c.i.e.AbstractTransferListenerAdapter - Downloading https://repo.maven.apache.org/maven2/ognl/ognl/3.0.8/ognl-3.0.8.jar
2017-09-01 13:07:42,567 [Worker-11] INFO  o.e.m.c.i.e.AbstractTransferListenerAdapter - Downloaded https://repo.maven.apache.org/maven2/ognl/ognl/3.0.8/ognl-3.0.8.jar
2017-09-01 13:07:42,581 [Worker-11] INFO  o.e.m.c.i.e.AbstractTransferListenerAdapter - Downloading https://repo.maven.apache.org/maven2/org/javassist/javassist/3.21.0-GA/javassist-3.21.0-GA.jar
2017-09-01 13:07:42,711 [Worker-11] INFO  o.e.m.c.i.e.AbstractTransferListenerAdapter - Downloaded https://repo.maven.apache.org/maven2/org/javassist/javassist/3.21.0-GA/javassist-3.21.0-GA.jar
2017-09-01 13:07:42,723 [Worker-11] INFO  o.e.m.c.i.e.AbstractTransferListenerAdapter - Downloading https://repo.maven.apache.org/maven2/org/unbescape/unbescape/1.1.0.RELEASE/unbescape-1.1.0.RELEASE.jar
2017-09-01 13:07:42,747 [Worker-11] INFO  o.e.m.c.i.e.AbstractTransferListenerAdapter - Downloaded https://repo.maven.apache.org/maven2/org/unbescape/unbescape/1.1.0.RELEASE/unbescape-1.1.0.RELEASE.jar
2017-09-01 13:07:42,759 [Worker-11] INFO  o.e.m.c.i.e.AbstractTransferListenerAdapter - Downloading https://repo.maven.apache.org/maven2/nz/net/ultraq/thymeleaf/thymeleaf-layout-dialect/1.4.0/thymeleaf-layout-dialect-1.4.0.jar
2017-09-01 13:07:42,782 [Worker-11] INFO  o.e.m.c.i.e.AbstractTransferListenerAdapter - Downloaded https://repo.maven.apache.org/maven2/nz/net/ultraq/thymeleaf/thymeleaf-layout-dialect/1.4.0/thymeleaf-layout-dialect-1.4.0.jar
2017-09-01 13:07:42,802 [Worker-11] INFO  o.e.m.c.i.e.AbstractTransferListenerAdapter - Downloading https://repo.maven.apache.org/maven2/org/codehaus/groovy/groovy/2.4.12/groovy-2.4.12.jar
2017-09-01 13:07:43,485 [Worker-11] INFO  o.e.m.c.i.e.AbstractTransferListenerAdapter - Downloaded https://repo.maven.apache.org/maven2/org/codehaus/groovy/groovy/2.4.12/groovy-2.4.12.jar
2017-09-01 13:07:43,937 [Worker-11] INFO  o.e.m.j.i.AbstractJavaProjectConfigurator - Adding source folder /hellothymeleaf/src/main/java
2017-09-01 13:07:43,938 [Worker-11] INFO  o.e.m.j.i.AbstractJavaProjectConfigurator - Adding resource folder /hellothymeleaf/src/main/resources
2017-09-01 13:07:43,941 [Worker-11] INFO  o.e.m.j.i.AbstractJavaProjectConfigurator - Adding resource folder /hellothymeleaf/src/main/resources
2017-09-01 13:07:43,945 [Worker-11] INFO  o.e.m.j.i.AbstractJavaProjectConfigurator - Adding source folder /hellothymeleaf/src/test/java
2017-09-01 13:07:44,269 [Worker-11] INFO  o.e.m.c.i.p.ProjectConfigurationManager - Imported and configured 1 project(s) in 4 sec
2017-09-01 13:07:45,511 [Worker-2] INFO  o.e.m.c.i.embedder.EclipseLogger - Using 'UTF-8' encoding to copy filtered resources.
2017-09-01 13:07:45,525 [Worker-2] INFO  o.e.m.c.i.embedder.EclipseLogger - Copying 1 resource
2017-09-01 13:07:45,548 [Worker-2] INFO  o.e.m.c.i.embedder.EclipseLogger - Copying 0 resource
2017-09-01 13:07:45,552 [Worker-2] INFO  o.e.m.c.i.embedder.EclipseLogger - Using 'UTF-8' encoding to copy filtered resources.
2017-09-01 13:07:45,552 [Worker-2] INFO  o.e.m.c.i.embedder.EclipseLogger - skip non existing resourceDirectory /Users/User/Documents/eclipse-workspace/hellothymeleaf/src/test/resources
2017-09-01 13:11:08,758 [Worker-2] INFO  o.e.m.c.i.embedder.EclipseLogger - Using 'UTF-8' encoding to copy filtered resources.
2017-09-01 13:11:08,766 [Worker-2] INFO  o.e.m.c.i.embedder.EclipseLogger - Copying 1 resource
2017-09-01 13:11:08,767 [Worker-2] INFO  o.e.m.c.i.embedder.EclipseLogger - Copying 0 resource
2017-09-01 13:11:08,771 [Worker-2] INFO  o.e.m.c.i.embedder.EclipseLogger - Using 'UTF-8' encoding to copy filtered resources.
2017-09-01 13:11:08,772 [Worker-2] INFO  o.e.m.c.i.embedder.EclipseLogger - skip non existing resourceDirectory /Users/User/Documents/eclipse-workspace/hellothymeleaf/src/test/resources
2017-09-01 13:11:22,600 [Worker-14] INFO  o.e.m.c.i.embedder.EclipseLogger - Using 'UTF-8' encoding to copy filtered resources.
2017-09-01 13:11:22,601 [Worker-14] INFO  o.e.m.c.i.embedder.EclipseLogger - Copying 1 resource
2017-09-01 13:11:22,603 [Worker-14] INFO  o.e.m.c.i.embedder.EclipseLogger - Copying 0 resource
2017-09-01 13:11:22,606 [Worker-14] INFO  o.e.m.c.i.embedder.EclipseLogger - Using 'UTF-8' encoding to copy filtered resources.
2017-09-01 13:11:22,606 [Worker-14] INFO  o.e.m.c.i.embedder.EclipseLogger - skip non existing resourceDirectory /Users/User/Documents/eclipse-workspace/hellothymeleaf/src/test/resources
2017-09-01 13:15:58,480 [Worker-14] INFO  o.e.m.c.i.embedder.EclipseLogger - Using 'UTF-8' encoding to copy filtered resources.
2017-09-01 13:15:58,482 [Worker-14] INFO  o.e.m.c.i.embedder.EclipseLogger - Copying 1 resource
2017-09-01 13:15:58,483 [Worker-14] INFO  o.e.m.c.i.embedder.EclipseLogger - Copying 0 resource
2017-09-01 13:15:58,485 [Worker-14] INFO  o.e.m.c.i.embedder.EclipseLogger - Using 'UTF-8' encoding to copy filtered resources.
2017-09-01 13:15:58,486 [Worker-14] INFO  o.e.m.c.i.embedder.EclipseLogger - skip non existing resourceDirectory /Users/User/Documents/eclipse-workspace/hellothymeleaf/src/test/resources
2017-09-01 13:16:24,915 [Worker-14] INFO  o.e.m.c.i.embedder.EclipseLogger - Using 'UTF-8' encoding to copy filtered resources.
2017-09-01 13:16:24,916 [Worker-14] INFO  o.e.m.c.i.embedder.EclipseLogger - Copying 1 resource
2017-09-01 13:16:24,918 [Worker-14] INFO  o.e.m.c.i.embedder.EclipseLogger - Copying 0 resource
2017-09-01 13:16:24,920 [Worker-14] INFO  o.e.m.c.i.embedder.EclipseLogger - Using 'UTF-8' encoding to copy filtered resources.
2017-09-01 13:16:24,921 [Worker-14] INFO  o.e.m.c.i.embedder.EclipseLogger - skip non existing resourceDirectory /Users/User/Documents/eclipse-workspace/hellothymeleaf/src/test/resources
2017-09-01 13:28:57,882 [Worker-18] INFO  o.e.m.c.i.embedder.EclipseLogger - Using 'UTF-8' encoding to copy filtered resources.
2017-09-01 13:28:57,884 [Worker-18] INFO  o.e.m.c.i.embedder.EclipseLogger - Copying 1 resource
2017-09-01 13:28:57,885 [Worker-18] INFO  o.e.m.c.i.embedder.EclipseLogger - Copying 0 resource
2017-09-01 13:28:57,888 [Worker-18] INFO  o.e.m.c.i.embedder.EclipseLogger - Using 'UTF-8' encoding to copy filtered resources.
2017-09-01 13:28:57,888 [Worker-18] INFO  o.e.m.c.i.embedder.EclipseLogger - skip non existing resourceDirectory /Users/User/Documents/eclipse-workspace/hellothymeleaf/src/test/resources
2017-09-01 13:29:22,674 [Worker-19] INFO  o.e.m.c.i.embedder.EclipseLogger - Using 'UTF-8' encoding to copy filtered resources.
2017-09-01 13:29:22,681 [Worker-19] INFO  o.e.m.c.i.embedder.EclipseLogger - Copying 0 resource
2017-09-01 13:29:22,681 [Worker-19] INFO  o.e.m.c.i.embedder.EclipseLogger - Copying 1 resource
2017-09-01 13:29:22,686 [Worker-19] INFO  o.e.m.c.i.embedder.EclipseLogger - Using 'UTF-8' encoding to copy filtered resources.
2017-09-01 13:29:22,686 [Worker-19] INFO  o.e.m.c.i.embedder.EclipseLogger - skip non existing resourceDirectory /Users/User/Documents/eclipse-workspace/hellothymeleaf/src/test/resources
2017-09-01 13:30:17,195 [Worker-14] INFO  o.e.m.c.i.embedder.EclipseLogger - Using 'UTF-8' encoding to copy filtered resources.
2017-09-01 13:30:17,196 [Worker-14] INFO  o.e.m.c.i.embedder.EclipseLogger - Copying 1 resource
2017-09-01 13:30:17,196 [Worker-14] INFO  o.e.m.c.i.embedder.EclipseLogger - Copying 1 resource
2017-09-01 13:30:17,200 [Worker-14] INFO  o.e.m.c.i.embedder.EclipseLogger - Using 'UTF-8' encoding to copy filtered resources.
2017-09-01 13:30:17,201 [Worker-14] INFO  o.e.m.c.i.embedder.EclipseLogger - skip non existing resourceDirectory /Users/User/Documents/eclipse-workspace/hellothymeleaf/src/test/resources
2017-09-01 13:34:23,102 [Worker-18] INFO  o.e.m.c.i.embedder.EclipseLogger - Using 'UTF-8' encoding to copy filtered resources.
2017-09-01 13:34:23,109 [Worker-18] INFO  o.e.m.c.i.embedder.EclipseLogger - Copying 0 resource
2017-09-01 13:34:23,110 [Worker-18] INFO  o.e.m.c.i.embedder.EclipseLogger - Copying 1 resource
2017-09-01 13:34:23,112 [Worker-18] INFO  o.e.m.c.i.embedder.EclipseLogger - Using 'UTF-8' encoding to copy filtered resources.
2017-09-01 13:34:23,112 [Worker-18] INFO  o.e.m.c.i.embedder.EclipseLogger - skip non existing resourceDirectory /Users/User/Documents/eclipse-workspace/hellothymeleaf/src/test/resources
2017-09-01 13:38:10,858 [Worker-19] INFO  o.e.m.c.i.embedder.EclipseLogger - Using 'UTF-8' encoding to copy filtered resources.
2017-09-01 13:38:10,866 [Worker-19] INFO  o.e.m.c.i.embedder.EclipseLogger - Copying 0 resource
2017-09-01 13:38:10,866 [Worker-19] INFO  o.e.m.c.i.embedder.EclipseLogger - Copying 1 resource
2017-09-01 13:38:10,869 [Worker-19] INFO  o.e.m.c.i.embedder.EclipseLogger - Using 'UTF-8' encoding to copy filtered resources.
2017-09-01 13:38:10,869 [Worker-19] INFO  o.e.m.c.i.embedder.EclipseLogger - skip non existing resourceDirectory /Users/User/Documents/eclipse-workspace/hellothymeleaf/src/test/resources
2017-09-01 13:41:16,122 [Worker-20] INFO  o.e.m.c.i.embedder.EclipseLogger - Using 'UTF-8' encoding to copy filtered resources.
2017-09-01 13:41:16,123 [Worker-20] INFO  o.e.m.c.i.embedder.EclipseLogger - Copying 1 resource
2017-09-01 13:41:16,124 [Worker-20] INFO  o.e.m.c.i.embedder.EclipseLogger - Copying 1 resource
2017-09-01 13:41:16,125 [Worker-20] INFO  o.e.m.c.i.embedder.EclipseLogger - Using 'UTF-8' encoding to copy filtered resources.
2017-09-01 13:41:16,125 [Worker-20] INFO  o.e.m.c.i.embedder.EclipseLogger - skip non existing resourceDirectory /Users/User/Documents/eclipse-workspace/hellothymeleaf/src/test/resources
2017-09-01 13:42:13,873 [Worker-19] INFO  o.e.m.c.i.embedder.EclipseLogger - Using 'UTF-8' encoding to copy filtered resources.
2017-09-01 13:42:13,874 [Worker-19] INFO  o.e.m.c.i.embedder.EclipseLogger - Copying 1 resource
2017-09-01 13:42:13,875 [Worker-19] INFO  o.e.m.c.i.embedder.EclipseLogger - Copying 1 resource
2017-09-01 13:42:13,950 [Worker-19] INFO  o.e.m.c.i.embedder.EclipseLogger - Using 'UTF-8' encoding to copy filtered resources.
2017-09-01 13:42:13,950 [Worker-19] INFO  o.e.m.c.i.embedder.EclipseLogger - skip non existing resourceDirectory /Users/User/Documents/eclipse-workspace/hellothymeleaf/src/test/resources
2017-09-01 13:42:49,779 [Worker-20] INFO  o.e.m.c.i.embedder.EclipseLogger - Using 'UTF-8' encoding to copy filtered resources.
2017-09-01 13:42:49,779 [Worker-20] INFO  o.e.m.c.i.embedder.EclipseLogger - Copying 0 resource
2017-09-01 13:42:49,780 [Worker-20] INFO  o.e.m.c.i.embedder.EclipseLogger - Copying 1 resource
2017-09-01 13:42:49,790 [Worker-20] INFO  o.e.m.c.i.embedder.EclipseLogger - Using 'UTF-8' encoding to copy filtered resources.
2017-09-01 13:42:49,791 [Worker-20] INFO  o.e.m.c.i.embedder.EclipseLogger - skip non existing resourceDirectory /Users/User/Documents/eclipse-workspace/hellothymeleaf/src/test/resources
2017-09-01 13:44:41,146 [Worker-20] INFO  o.e.m.c.i.embedder.EclipseLogger - Using 'UTF-8' encoding to copy filtered resources.
2017-09-01 13:44:41,146 [Worker-20] INFO  o.e.m.c.i.embedder.EclipseLogger - Copying 0 resource
2017-09-01 13:44:41,147 [Worker-20] INFO  o.e.m.c.i.embedder.EclipseLogger - Copying 1 resource
2017-09-01 13:44:41,149 [Worker-20] INFO  o.e.m.c.i.embedder.EclipseLogger - Using 'UTF-8' encoding to copy filtered resources.
2017-09-01 13:44:41,149 [Worker-20] INFO  o.e.m.c.i.embedder.EclipseLogger - skip non existing resourceDirectory /Users/User/Documents/eclipse-workspace/hellothymeleaf/src/test/resources
2017-09-01 13:47:32,348 [Worker-8] INFO  o.e.m.c.i.embedder.EclipseLogger - Using 'UTF-8' encoding to copy filtered resources.
2017-09-01 13:47:32,348 [Worker-8] INFO  o.e.m.c.i.embedder.EclipseLogger - Copying 1 resource
2017-09-01 13:47:32,349 [Worker-8] INFO  o.e.m.c.i.embedder.EclipseLogger - Copying 1 resource
2017-09-01 13:47:32,351 [Worker-8] INFO  o.e.m.c.i.embedder.EclipseLogger - Using 'UTF-8' encoding to copy filtered resources.
2017-09-01 13:47:32,351 [Worker-8] INFO  o.e.m.c.i.embedder.EclipseLogger - skip non existing resourceDirectory /Users/User/Documents/eclipse-workspace/hellothymeleaf/src/test/resources
2017-09-01 13:48:05,614 [Worker-19] INFO  o.e.m.c.i.embedder.EclipseLogger - Using 'UTF-8' encoding to copy filtered resources.
2017-09-01 13:48:05,615 [Worker-19] INFO  o.e.m.c.i.embedder.EclipseLogger - Copying 1 resource
2017-09-01 13:48:05,615 [Worker-19] INFO  o.e.m.c.i.embedder.EclipseLogger - Copying 1 resource
2017-09-01 13:48:05,618 [Worker-19] INFO  o.e.m.c.i.embedder.EclipseLogger - Using 'UTF-8' encoding to copy filtered resources.
2017-09-01 13:48:05,618 [Worker-19] INFO  o.e.m.c.i.embedder.EclipseLogger - skip non existing resourceDirectory /Users/User/Documents/eclipse-workspace/hellothymeleaf/src/test/resources
2017-09-01 13:55:30,261 [Worker-20] INFO  o.e.m.c.i.embedder.EclipseLogger - Using 'UTF-8' encoding to copy filtered resources.
2017-09-01 13:55:30,269 [Worker-20] INFO  o.e.m.c.i.embedder.EclipseLogger - Copying 0 resource
2017-09-01 13:55:30,269 [Worker-20] INFO  o.e.m.c.i.embedder.EclipseLogger - Copying 1 resource
2017-09-01 13:55:30,271 [Worker-20] INFO  o.e.m.c.i.embedder.EclipseLogger - Using 'UTF-8' encoding to copy filtered resources.
2017-09-01 13:55:30,271 [Worker-20] INFO  o.e.m.c.i.embedder.EclipseLogger - skip non existing resourceDirectory /Users/User/Documents/eclipse-workspace/hellothymeleaf/src/test/resources
2017-09-01 13:56:58,610 [Worker-20] INFO  o.e.m.c.i.embedder.EclipseLogger - Using 'UTF-8' encoding to copy filtered resources.
2017-09-01 13:56:58,618 [Worker-20] INFO  o.e.m.c.i.embedder.EclipseLogger - Copying 0 resource
2017-09-01 13:56:58,618 [Worker-20] INFO  o.e.m.c.i.embedder.EclipseLogger - Copying 1 resource
2017-09-01 13:56:58,623 [Worker-20] INFO  o.e.m.c.i.embedder.EclipseLogger - Using 'UTF-8' encoding to copy filtered resources.
2017-09-01 13:56:58,623 [Worker-20] INFO  o.e.m.c.i.embedder.EclipseLogger - skip non existing resourceDirectory /Users/User/Documents/eclipse-workspace/hellothymeleaf/src/test/resources
2017-09-01 13:58:11,995 [Worker-23] INFO  o.e.m.c.i.embedder.EclipseLogger - Using 'UTF-8' encoding to copy filtered resources.
2017-09-01 13:58:12,003 [Worker-23] INFO  o.e.m.c.i.embedder.EclipseLogger - Copying 0 resource
2017-09-01 13:58:12,004 [Worker-23] INFO  o.e.m.c.i.embedder.EclipseLogger - Copying 1 resource
2017-09-01 13:58:12,007 [Worker-23] INFO  o.e.m.c.i.embedder.EclipseLogger - Using 'UTF-8' encoding to copy filtered resources.
2017-09-01 13:58:12,007 [Worker-23] INFO  o.e.m.c.i.embedder.EclipseLogger - skip non existing resourceDirectory /Users/User/Documents/eclipse-workspace/hellothymeleaf/src/test/resources
2017-09-01 13:59:20,950 [Worker-20] INFO  o.e.m.c.i.embedder.EclipseLogger - Using 'UTF-8' encoding to copy filtered resources.
2017-09-01 13:59:20,958 [Worker-20] INFO  o.e.m.c.i.embedder.EclipseLogger - Copying 0 resource
2017-09-01 13:59:20,959 [Worker-20] INFO  o.e.m.c.i.embedder.EclipseLogger - Copying 1 resource
2017-09-01 13:59:20,961 [Worker-20] INFO  o.e.m.c.i.embedder.EclipseLogger - Using 'UTF-8' encoding to copy filtered resources.
2017-09-01 13:59:20,961 [Worker-20] INFO  o.e.m.c.i.embedder.EclipseLogger - skip non existing resourceDirectory /Users/User/Documents/eclipse-workspace/hellothymeleaf/src/test/resources
2017-09-01 13:59:46,019 [Worker-19] INFO  o.e.m.c.i.embedder.EclipseLogger - Using 'UTF-8' encoding to copy filtered resources.
2017-09-01 13:59:46,019 [Worker-19] INFO  o.e.m.c.i.embedder.EclipseLogger - Copying 0 resource
2017-09-01 13:59:46,020 [Worker-19] INFO  o.e.m.c.i.embedder.EclipseLogger - Copying 1 resource
2017-09-01 13:59:46,030 [Worker-19] INFO  o.e.m.c.i.embedder.EclipseLogger - Using 'UTF-8' encoding to copy filtered resources.
2017-09-01 13:59:46,030 [Worker-19] INFO  o.e.m.c.i.embedder.EclipseLogger - skip non existing resourceDirectory /Users/User/Documents/eclipse-workspace/hellothymeleaf/src/test/resources
2017-09-01 14:03:03,166 [Worker-24] INFO  o.e.m.c.i.embedder.EclipseLogger - Using 'UTF-8' encoding to copy filtered resources.
2017-09-01 14:03:03,167 [Worker-24] INFO  o.e.m.c.i.embedder.EclipseLogger - Copying 1 resource
2017-09-01 14:03:03,167 [Worker-24] INFO  o.e.m.c.i.embedder.EclipseLogger - Copying 1 resource
2017-09-01 14:03:03,169 [Worker-24] INFO  o.e.m.c.i.embedder.EclipseLogger - Using 'UTF-8' encoding to copy filtered resources.
2017-09-01 14:03:03,169 [Worker-24] INFO  o.e.m.c.i.embedder.EclipseLogger - skip non existing resourceDirectory /Users/User/Documents/eclipse-workspace/hellothymeleaf/src/test/resources
2017-09-01 14:19:22,494 [Worker-26] INFO  o.e.m.c.i.embedder.EclipseLogger - Using 'UTF-8' encoding to copy filtered resources.
2017-09-01 14:19:22,496 [Worker-26] INFO  o.e.m.c.i.embedder.EclipseLogger - Copying 0 resource
2017-09-01 14:19:22,497 [Worker-26] INFO  o.e.m.c.i.embedder.EclipseLogger - Copying 1 resource
2017-09-01 14:19:22,502 [Worker-26] INFO  o.e.m.c.i.embedder.EclipseLogger - Using 'UTF-8' encoding to copy filtered resources.
2017-09-01 14:19:22,502 [Worker-26] INFO  o.e.m.c.i.embedder.EclipseLogger - skip non existing resourceDirectory /Users/User/Documents/eclipse-workspace/hellothymeleaf/src/test/resources
2017-09-01 14:19:39,754 [Worker-24] INFO  o.e.m.c.i.embedder.EclipseLogger - Using 'UTF-8' encoding to copy filtered resources.
2017-09-01 14:19:39,763 [Worker-24] INFO  o.e.m.c.i.embedder.EclipseLogger - Copying 0 resource
2017-09-01 14:19:39,763 [Worker-24] INFO  o.e.m.c.i.embedder.EclipseLogger - Copying 1 resource
2017-09-01 14:19:39,766 [Worker-24] INFO  o.e.m.c.i.embedder.EclipseLogger - Using 'UTF-8' encoding to copy filtered resources.
2017-09-01 14:19:39,767 [Worker-24] INFO  o.e.m.c.i.embedder.EclipseLogger - skip non existing resourceDirectory /Users/User/Documents/eclipse-workspace/hellothymeleaf/src/test/resources
2017-09-01 14:19:50,854 [Worker-30] INFO  o.e.m.c.i.embedder.EclipseLogger - Using 'UTF-8' encoding to copy filtered resources.
2017-09-01 14:19:50,855 [Worker-30] INFO  o.e.m.c.i.embedder.EclipseLogger - Copying 0 resource
2017-09-01 14:19:50,855 [Worker-30] INFO  o.e.m.c.i.embedder.EclipseLogger - Copying 1 resource
2017-09-01 14:19:50,866 [Worker-30] INFO  o.e.m.c.i.embedder.EclipseLogger - Using 'UTF-8' encoding to copy filtered resources.
2017-09-01 14:19:50,866 [Worker-30] INFO  o.e.m.c.i.embedder.EclipseLogger - skip non existing resourceDirectory /Users/User/Documents/eclipse-workspace/hellothymeleaf/src/test/resources
2017-09-01 14:19:58,420 [Worker-26] INFO  o.e.m.c.i.embedder.EclipseLogger - Using 'UTF-8' encoding to copy filtered resources.
2017-09-01 14:19:58,423 [Worker-26] INFO  o.e.m.c.i.embedder.EclipseLogger - Copying 1 resource
2017-09-01 14:19:58,425 [Worker-26] INFO  o.e.m.c.i.embedder.EclipseLogger - Copying 2 resources
2017-09-01 14:19:58,428 [Worker-26] INFO  o.e.m.c.i.embedder.EclipseLogger - Using 'UTF-8' encoding to copy filtered resources.
2017-09-01 14:19:58,428 [Worker-26] INFO  o.e.m.c.i.embedder.EclipseLogger - skip non existing resourceDirectory /Users/User/Documents/eclipse-workspace/hellothymeleaf/src/test/resources
2017-09-01 14:20:23,183 [Worker-24] INFO  o.e.m.c.i.embedder.EclipseLogger - Using 'UTF-8' encoding to copy filtered resources.
2017-09-01 14:20:23,184 [Worker-24] INFO  o.e.m.c.i.embedder.EclipseLogger - Copying 1 resource
2017-09-01 14:20:23,185 [Worker-24] INFO  o.e.m.c.i.embedder.EclipseLogger - Copying 2 resources
2017-09-01 14:20:23,186 [Worker-24] INFO  o.e.m.c.i.embedder.EclipseLogger - Using 'UTF-8' encoding to copy filtered resources.
2017-09-01 14:20:23,187 [Worker-24] INFO  o.e.m.c.i.embedder.EclipseLogger - skip non existing resourceDirectory /Users/User/Documents/eclipse-workspace/hellothymeleaf/src/test/resources
2017-09-01 14:26:26,416 [Worker-34] INFO  o.e.m.c.i.embedder.EclipseLogger - Using 'UTF-8' encoding to copy filtered resources.
2017-09-01 14:26:26,419 [Worker-34] INFO  o.e.m.c.i.embedder.EclipseLogger - Copying 1 resource
2017-09-01 14:26:26,420 [Worker-34] INFO  o.e.m.c.i.embedder.EclipseLogger - Copying 2 resources
2017-09-01 14:26:26,428 [Worker-34] INFO  o.e.m.c.i.embedder.EclipseLogger - Using 'UTF-8' encoding to copy filtered resources.
2017-09-01 14:26:26,429 [Worker-34] INFO  o.e.m.c.i.embedder.EclipseLogger - skip non existing resourceDirectory /Users/User/Documents/eclipse-workspace/hellothymeleaf/src/test/resources
2017-09-01 14:36:33,410 [Worker-33] INFO  o.e.m.c.i.embedder.EclipseLogger - Using 'UTF-8' encoding to copy filtered resources.
2017-09-01 14:36:33,411 [Worker-33] INFO  o.e.m.c.i.embedder.EclipseLogger - Copying 1 resource
2017-09-01 14:36:33,412 [Worker-33] INFO  o.e.m.c.i.embedder.EclipseLogger - Copying 2 resources
2017-09-01 14:36:33,414 [Worker-33] INFO  o.e.m.c.i.embedder.EclipseLogger - Using 'UTF-8' encoding to copy filtered resources.
2017-09-01 14:36:33,414 [Worker-33] INFO  o.e.m.c.i.embedder.EclipseLogger - skip non existing resourceDirectory /Users/User/Documents/eclipse-workspace/hellothymeleaf/src/test/resources
2017-09-01 14:41:35,694 [Worker-35] INFO  o.e.m.c.i.embedder.EclipseLogger - Using 'UTF-8' encoding to copy filtered resources.
2017-09-01 14:41:35,697 [Worker-35] INFO  o.e.m.c.i.embedder.EclipseLogger - Copying 1 resource
2017-09-01 14:41:35,698 [Worker-35] INFO  o.e.m.c.i.embedder.EclipseLogger - Copying 2 resources
2017-09-01 14:41:35,701 [Worker-35] INFO  o.e.m.c.i.embedder.EclipseLogger - Using 'UTF-8' encoding to copy filtered resources.
2017-09-01 14:41:35,701 [Worker-35] INFO  o.e.m.c.i.embedder.EclipseLogger - skip non existing resourceDirectory /Users/User/Documents/eclipse-workspace/hellothymeleaf/src/test/resources
2017-09-01 14:42:03,075 [Worker-26] INFO  o.e.m.c.i.embedder.EclipseLogger - Using 'UTF-8' encoding to copy filtered resources.
2017-09-01 14:42:03,077 [Worker-26] INFO  o.e.m.c.i.embedder.EclipseLogger - Copying 1 resource
2017-09-01 14:42:03,079 [Worker-26] INFO  o.e.m.c.i.embedder.EclipseLogger - Copying 2 resources
2017-09-01 14:42:03,082 [Worker-26] INFO  o.e.m.c.i.embedder.EclipseLogger - Using 'UTF-8' encoding to copy filtered resources.
2017-09-01 14:42:03,082 [Worker-26] INFO  o.e.m.c.i.embedder.EclipseLogger - skip non existing resourceDirectory /Users/User/Documents/eclipse-workspace/hellothymeleaf/src/test/resources
2017-09-01 14:43:21,710 [Worker-33] INFO  o.e.m.c.i.embedder.EclipseLogger - Using 'UTF-8' encoding to copy filtered resources.
2017-09-01 14:43:21,711 [Worker-33] INFO  o.e.m.c.i.embedder.EclipseLogger - Copying 1 resource
2017-09-01 14:43:21,712 [Worker-33] INFO  o.e.m.c.i.embedder.EclipseLogger - Copying 2 resources
2017-09-01 14:43:21,714 [Worker-33] INFO  o.e.m.c.i.embedder.EclipseLogger - Using 'UTF-8' encoding to copy filtered resources.
2017-09-01 14:43:21,714 [Worker-33] INFO  o.e.m.c.i.embedder.EclipseLogger - skip non existing resourceDirectory /Users/User/Documents/eclipse-workspace/hellothymeleaf/src/test/resources
2017-09-01 14:44:30,700 [Worker-33] INFO  o.e.m.c.i.embedder.EclipseLogger - Using 'UTF-8' encoding to copy filtered resources.
2017-09-01 14:44:30,701 [Worker-33] INFO  o.e.m.c.i.embedder.EclipseLogger - Copying 1 resource
2017-09-01 14:44:30,702 [Worker-33] INFO  o.e.m.c.i.embedder.EclipseLogger - Copying 2 resources
2017-09-01 14:44:30,703 [Worker-33] INFO  o.e.m.c.i.embedder.EclipseLogger - Using 'UTF-8' encoding to copy filtered resources.
2017-09-01 14:44:30,703 [Worker-33] INFO  o.e.m.c.i.embedder.EclipseLogger - skip non existing resourceDirectory /Users/User/Documents/eclipse-workspace/hellothymeleaf/src/test/resources
2017-09-01 14:45:09,320 [Worker-39] INFO  o.e.m.c.i.embedder.EclipseLogger - Using 'UTF-8' encoding to copy filtered resources.
2017-09-01 14:45:09,321 [Worker-39] INFO  o.e.m.c.i.embedder.EclipseLogger - Copying 1 resource
2017-09-01 14:45:09,322 [Worker-39] INFO  o.e.m.c.i.embedder.EclipseLogger - Copying 2 resources
2017-09-01 14:45:09,323 [Worker-39] INFO  o.e.m.c.i.embedder.EclipseLogger - Using 'UTF-8' encoding to copy filtered resources.
2017-09-01 14:45:09,323 [Worker-39] INFO  o.e.m.c.i.embedder.EclipseLogger - skip non existing resourceDirectory /Users/User/Documents/eclipse-workspace/hellothymeleaf/src/test/resources
2017-09-01 14:45:58,072 [Worker-35] INFO  o.e.m.c.i.embedder.EclipseLogger - Using 'UTF-8' encoding to copy filtered resources.
2017-09-01 14:45:58,072 [Worker-35] INFO  o.e.m.c.i.embedder.EclipseLogger - Copying 1 resource
2017-09-01 14:45:58,073 [Worker-35] INFO  o.e.m.c.i.embedder.EclipseLogger - Copying 2 resources
2017-09-01 14:45:58,074 [Worker-35] INFO  o.e.m.c.i.embedder.EclipseLogger - Using 'UTF-8' encoding to copy filtered resources.
2017-09-01 14:45:58,074 [Worker-35] INFO  o.e.m.c.i.embedder.EclipseLogger - skip non existing resourceDirectory /Users/User/Documents/eclipse-workspace/hellothymeleaf/src/test/resources
2017-09-01 14:48:04,410 [Worker-38] INFO  o.e.m.c.i.embedder.EclipseLogger - Using 'UTF-8' encoding to copy filtered resources.
2017-09-01 14:48:04,411 [Worker-38] INFO  o.e.m.c.i.embedder.EclipseLogger - Copying 1 resource
2017-09-01 14:48:04,412 [Worker-38] INFO  o.e.m.c.i.embedder.EclipseLogger - Copying 2 resources
2017-09-01 14:48:04,413 [Worker-38] INFO  o.e.m.c.i.embedder.EclipseLogger - Using 'UTF-8' encoding to copy filtered resources.
2017-09-01 14:48:04,414 [Worker-38] INFO  o.e.m.c.i.embedder.EclipseLogger - skip non existing resourceDirectory /Users/User/Documents/eclipse-workspace/hellothymeleaf/src/test/resources
2017-09-01 14:48:56,160 [Worker-33] INFO  o.e.m.c.i.embedder.EclipseLogger - Using 'UTF-8' encoding to copy filtered resources.
2017-09-01 14:48:56,161 [Worker-33] INFO  o.e.m.c.i.embedder.EclipseLogger - Copying 1 resource
2017-09-01 14:48:56,162 [Worker-33] INFO  o.e.m.c.i.embedder.EclipseLogger - Copying 2 resources
2017-09-01 14:48:56,163 [Worker-33] INFO  o.e.m.c.i.embedder.EclipseLogger - Using 'UTF-8' encoding to copy filtered resources.
2017-09-01 14:48:56,163 [Worker-33] INFO  o.e.m.c.i.embedder.EclipseLogger - skip non existing resourceDirectory /Users/User/Documents/eclipse-workspace/hellothymeleaf/src/test/resources
2017-09-01 14:49:27,075 [Worker-40] INFO  o.e.m.c.i.embedder.EclipseLogger - Using 'UTF-8' encoding to copy filtered resources.
2017-09-01 14:49:27,076 [Worker-40] INFO  o.e.m.c.i.embedder.EclipseLogger - Copying 1 resource
2017-09-01 14:49:27,076 [Worker-40] INFO  o.e.m.c.i.embedder.EclipseLogger - Copying 2 resources
2017-09-01 14:49:27,078 [Worker-40] INFO  o.e.m.c.i.embedder.EclipseLogger - Using 'UTF-8' encoding to copy filtered resources.
2017-09-01 14:49:27,078 [Worker-40] INFO  o.e.m.c.i.embedder.EclipseLogger - skip non existing resourceDirectory /Users/User/Documents/eclipse-workspace/hellothymeleaf/src/test/resources
2017-09-01 14:49:57,185 [Worker-35] INFO  o.e.m.c.i.embedder.EclipseLogger - Using 'UTF-8' encoding to copy filtered resources.
2017-09-01 14:49:57,186 [Worker-35] INFO  o.e.m.c.i.embedder.EclipseLogger - Copying 1 resource
2017-09-01 14:49:57,187 [Worker-35] INFO  o.e.m.c.i.embedder.EclipseLogger - Copying 2 resources
2017-09-01 14:49:57,188 [Worker-35] INFO  o.e.m.c.i.embedder.EclipseLogger - Using 'UTF-8' encoding to copy filtered resources.
2017-09-01 14:49:57,188 [Worker-35] INFO  o.e.m.c.i.embedder.EclipseLogger - skip non existing resourceDirectory /Users/User/Documents/eclipse-workspace/hellothymeleaf/src/test/resources
2017-09-01 14:50:39,496 [Worker-39] INFO  o.e.m.c.i.embedder.EclipseLogger - Using 'UTF-8' encoding to copy filtered resources.
2017-09-01 14:50:39,497 [Worker-39] INFO  o.e.m.c.i.embedder.EclipseLogger - Copying 1 resource
2017-09-01 14:50:39,498 [Worker-39] INFO  o.e.m.c.i.embedder.EclipseLogger - Copying 2 resources
2017-09-01 14:50:39,499 [Worker-39] INFO  o.e.m.c.i.embedder.EclipseLogger - Using 'UTF-8' encoding to copy filtered resources.
2017-09-01 14:50:39,500 [Worker-39] INFO  o.e.m.c.i.embedder.EclipseLogger - skip non existing resourceDirectory /Users/User/Documents/eclipse-workspace/hellothymeleaf/src/test/resources
2017-09-01 14:51:01,292 [Worker-36] INFO  o.e.m.c.i.embedder.EclipseLogger - Using 'UTF-8' encoding to copy filtered resources.
2017-09-01 14:51:01,292 [Worker-36] INFO  o.e.m.c.i.embedder.EclipseLogger - Copying 0 resource
2017-09-01 14:51:01,293 [Worker-36] INFO  o.e.m.c.i.embedder.EclipseLogger - Copying 1 resource
2017-09-01 14:51:01,302 [Worker-36] INFO  o.e.m.c.i.embedder.EclipseLogger - Using 'UTF-8' encoding to copy filtered resources.
2017-09-01 14:51:01,302 [Worker-36] INFO  o.e.m.c.i.embedder.EclipseLogger - skip non existing resourceDirectory /Users/User/Documents/eclipse-workspace/hellothymeleaf/src/test/resources
2017-09-01 14:52:52,676 [Worker-40] INFO  o.e.m.c.i.embedder.EclipseLogger - Using 'UTF-8' encoding to copy filtered resources.
2017-09-01 14:52:52,677 [Worker-40] INFO  o.e.m.c.i.embedder.EclipseLogger - Copying 1 resource
2017-09-01 14:52:52,678 [Worker-40] INFO  o.e.m.c.i.embedder.EclipseLogger - Copying 2 resources
2017-09-01 14:52:52,679 [Worker-40] INFO  o.e.m.c.i.embedder.EclipseLogger - Using 'UTF-8' encoding to copy filtered resources.
2017-09-01 14:52:52,680 [Worker-40] INFO  o.e.m.c.i.embedder.EclipseLogger - skip non existing resourceDirectory /Users/User/Documents/eclipse-workspace/hellothymeleaf/src/test/resources
2017-09-01 14:55:47,411 [Worker-39] INFO  o.e.m.c.i.embedder.EclipseLogger - Using 'UTF-8' encoding to copy filtered resources.
2017-09-01 14:55:47,412 [Worker-39] INFO  o.e.m.c.i.embedder.EclipseLogger - Copying 1 resource
2017-09-01 14:55:47,413 [Worker-39] INFO  o.e.m.c.i.embedder.EclipseLogger - Copying 2 resources
2017-09-01 14:55:47,414 [Worker-39] INFO  o.e.m.c.i.embedder.EclipseLogger - Using 'UTF-8' encoding to copy filtered resources.
2017-09-01 14:55:47,414 [Worker-39] INFO  o.e.m.c.i.embedder.EclipseLogger - skip non existing resourceDirectory /Users/User/Documents/eclipse-workspace/hellothymeleaf/src/test/resources
2017-09-01 15:25:16,225 [Worker-43] INFO  o.e.m.c.i.embedder.EclipseLogger - Using 'UTF-8' encoding to copy filtered resources.
2017-09-01 15:25:16,227 [Worker-43] INFO  o.e.m.c.i.embedder.EclipseLogger - Copying 1 resource
2017-09-01 15:25:16,229 [Worker-43] INFO  o.e.m.c.i.embedder.EclipseLogger - Copying 2 resources
2017-09-01 15:25:16,231 [Worker-43] INFO  o.e.m.c.i.embedder.EclipseLogger - Using 'UTF-8' encoding to copy filtered resources.
2017-09-01 15:25:16,231 [Worker-43] INFO  o.e.m.c.i.embedder.EclipseLogger - skip non existing resourceDirectory /Users/User/Documents/eclipse-workspace/hellothymeleaf/src/test/resources
2017-09-15 08:33:56,764 [Worker-6] INFO  c.g.t.t.d.PublishedGradleVersions - Gradle version information cache is out-of-date. Trying to update.
2017-09-15 08:34:00,661 [Worker-13] INFO  o.e.m.c.i.embedder.EclipseLogger - Using 'UTF-8' encoding to copy filtered resources.
2017-09-15 08:34:00,669 [Worker-13] INFO  o.e.m.c.i.embedder.EclipseLogger - Copying 1 resource
2017-09-15 08:34:00,698 [Worker-13] INFO  o.e.m.c.i.embedder.EclipseLogger - Copying 2 resources
2017-09-15 08:34:00,703 [Worker-13] INFO  o.e.m.c.i.embedder.EclipseLogger - Using 'UTF-8' encoding to copy filtered resources.
2017-09-15 08:34:00,704 [Worker-13] INFO  o.e.m.c.i.embedder.EclipseLogger - skip non existing resourceDirectory /Users/User/Documents/eclipse-workspace/hellothymeleaf/src/test/resources
